<?xml version="1.0" encoding="UTF-8" standalone="no"?>
<!DOCTYPE log SYSTEM "logger.dtd">
<log>
<record>
  <date>2017-06-05T14:24:54.329-0300</date>
  <logger>IANN CARVALHO BARBOSA</logger>
  <level>FINE</level>
  <message>File 116111613-IANN CARVALHO BARBOSA.zip was received. It was sent by IANN CARVALHO BARBOSA from IP 127.0.1.1</message>
</record>
</log>
<?xml version="1.0" encoding="UTF-8" standalone="no"?>
<!DOCTYPE log SYSTEM "logger.dtd">
<log>
<record>
  <date>2017-06-05T17:47:48.126-0300</date>
  <logger>IANN CARVALHO BARBOSA</logger>
  <level>FINE</level>
  <message>File 116111613-IANN CARVALHO BARBOSA.zip was received. It was sent by IANN CARVALHO BARBOSA from IP 127.0.1.1</message>
</record>
</log>
<?xml version="1.0" encoding="UTF-8" standalone="no"?>
<!DOCTYPE log SYSTEM "logger.dtd">
<log>
<record>
  <date>2017-06-05T22:59:54.159-0300</date>
  <logger>IANN CARVALHO BARBOSA</logger>
  <level>FINE</level>
  <message>File 116111613-IANN CARVALHO BARBOSA.zip was received. It was sent by IANN CARVALHO BARBOSA from IP 127.0.1.1</message>
</record>
</log>
<?xml version="1.0" encoding="UTF-8" standalone="no"?>
<!DOCTYPE log SYSTEM "logger.dtd">
<log>
<record>
  <date>2017-06-05T23:00:35.145-0300</date>
  <logger>IANN CARVALHO BARBOSA</logger>
  <level>FINE</level>
  <message>File 116111613-IANN CARVALHO BARBOSA.zip was received. It was sent by IANN CARVALHO BARBOSA from IP 127.0.1.1</message>
</record>
