<?xml version="1.0" encoding="UTF-8" standalone="no"?>
<!DOCTYPE log SYSTEM "logger.dtd">
<log>
<record>
  <date>2017-06-14T16:17:57.640-0300</date>
  <logger>IANN CARVALHO BARBOSA</logger>
  <level>FINE</level>
  <message>File 116111613-IANN CARVALHO BARBOSA.zip was received. It was sent by IANN CARVALHO BARBOSA from IP 127.0.1.1</message>
</record>
</log>
<?xml version="1.0" encoding="UTF-8" standalone="no"?>
<!DOCTYPE log SYSTEM "logger.dtd">
<log>
<record>
  <date>2017-06-15T01:25:23.967-0300</date>
  <logger>IANN CARVALHO BARBOSA</logger>
  <level>FINE</level>
  <message>File 116111613-IANN CARVALHO BARBOSA.zip was received. It was sent by IANN CARVALHO BARBOSA from IP 127.0.1.1</message>
</record>
</log>
<?xml version="1.0" encoding="UTF-8" standalone="no"?>
<!DOCTYPE log SYSTEM "logger.dtd">
<log>
<record>
  <date>2017-06-15T02:30:31.446-0300</date>
  <logger>IANN CARVALHO BARBOSA</logger>
  <level>FINE</level>
  <message>File 116111613-IANN CARVALHO BARBOSA.zip was received. It was sent by IANN CARVALHO BARBOSA from IP 127.0.1.1</message>
</record>
