<?xml version="1.0" encoding="UTF-8" standalone="no"?>
<!DOCTYPE log SYSTEM "logger.dtd">
<log>
<record>
  <date>2017-05-24T16:22:39.212-0300</date>
  <logger>IANN CARVALHO BARBOSA</logger>
  <level>FINE</level>
  <message>File 116111613-IANN CARVALHO BARBOSA.zip was received. It was sent by IANN CARVALHO BARBOSA from IP 150.165.54.131</message>
</record>
</log>
<?xml version="1.0" encoding="UTF-8" standalone="no"?>
<!DOCTYPE log SYSTEM "logger.dtd">
<log>
<record>
  <date>2017-05-24T17:55:43.487-0300</date>
  <logger>IANN CARVALHO BARBOSA</logger>
  <level>FINE</level>
  <message>File 116111613-IANN CARVALHO BARBOSA.zip was received. It was sent by IANN CARVALHO BARBOSA from IP 150.165.54.131</message>
</record>
</log>
<?xml version="1.0" encoding="UTF-8" standalone="no"?>
<!DOCTYPE log SYSTEM "logger.dtd">
<log>
<record>
  <date>2017-05-24T19:27:51.269-0300</date>
  <logger>IANN CARVALHO BARBOSA</logger>
  <level>FINE</level>
  <message>File 116111613-IANN CARVALHO BARBOSA.zip was received. It was sent by IANN CARVALHO BARBOSA from IP 127.0.1.1</message>
</record>
