<?xml version="1.0" encoding="UTF-8" standalone="no"?>
<!DOCTYPE log SYSTEM "logger.dtd">
<log>
<record>
  <date>2017-05-31T16:06:56.763-0300</date>
  <logger>IANN CARVALHO BARBOSA</logger>
  <level>FINE</level>
  <message>File 116111613-IANN CARVALHO BARBOSA.zip was received. It was sent by IANN CARVALHO BARBOSA from IP 127.0.1.1</message>
</record>
</log>
<?xml version="1.0" encoding="UTF-8" standalone="no"?>
<!DOCTYPE log SYSTEM "logger.dtd">
<log>
<record>
  <date>2017-06-01T01:00:02.432-0300</date>
  <logger>IANN CARVALHO BARBOSA</logger>
  <level>FINE</level>
  <message>File 116111613-IANN CARVALHO BARBOSA.zip was received. It was sent by IANN CARVALHO BARBOSA from IP 127.0.1.1</message>
</record>
</log>
<?xml version="1.0" encoding="UTF-8" standalone="no"?>
<!DOCTYPE log SYSTEM "logger.dtd">
<log>
<record>
  <date>2017-06-01T01:24:35.135-0300</date>
  <logger>IANN CARVALHO BARBOSA</logger>
  <level>FINE</level>
  <message>File 116111613-IANN CARVALHO BARBOSA.zip was received. It was sent by IANN CARVALHO BARBOSA from IP 127.0.1.1</message>
</record>
