<?xml version="1.0" encoding="UTF-8" standalone="no"?>
<!DOCTYPE log SYSTEM "logger.dtd">
<log>
<record>
  <date>2017-05-29T14:40:00.327-0300</date>
  <logger>IANN CARVALHO BARBOSA</logger>
  <level>FINE</level>
  <message>File 116111613-IANN CARVALHO BARBOSA.zip was received. It was sent by IANN CARVALHO BARBOSA from IP 150.165.54.124</message>
</record>
</log>
<?xml version="1.0" encoding="UTF-8" standalone="no"?>
<!DOCTYPE log SYSTEM "logger.dtd">
<log>
<record>
  <date>2017-05-29T15:56:40.642-0300</date>
  <logger>IANN CARVALHO BARBOSA</logger>
  <level>FINE</level>
  <message>File 116111613-IANN CARVALHO BARBOSA.zip was received. It was sent by IANN CARVALHO BARBOSA from IP 150.165.54.124</message>
</record>
</log>
<?xml version="1.0" encoding="UTF-8" standalone="no"?>
<!DOCTYPE log SYSTEM "logger.dtd">
<log>
<record>
  <date>2017-05-30T00:58:39.325-0300</date>
  <logger>IANN CARVALHO BARBOSA</logger>
  <level>FINE</level>
  <message>File 116111613-IANN CARVALHO BARBOSA.zip was received. It was sent by IANN CARVALHO BARBOSA from IP 127.0.1.1</message>
</record>
